-------------------------------------------------------------------------------
Test set: com.solo.leetcode.greedyalgorithm.CandyTest
-------------------------------------------------------------------------------
Tests run: 2, Failures: 1, Errors: 0, Skipped: 0, Time elapsed: 0 s <<< FAILURE! - in com.solo.leetcode.greedyalgorithm.CandyTest
test1  Time elapsed: 0 s  <<< FAILURE!
org.opentest4j.AssertionFailedError: expected: <5> but was: <4>
	at com.solo.leetcode.greedyalgorithm.CandyTest.test1(CandyTest.java:20)

