-------------------------------------------------------------------------------
Test set: com.solo.leetcode.bfs.OpenLockTest
-------------------------------------------------------------------------------
Tests run: 1, Failures: 1, Errors: 0, Skipped: 0, Time elapsed: 0 s <<< FAILURE! - in com.solo.leetcode.bfs.OpenLockTest
testOpenLock  Time elapsed: 0 s  <<< FAILURE!
org.opentest4j.AssertionFailedError: expected: <6> but was: <-1>
	at com.solo.leetcode.bfs.OpenLockTest.testOpenLock(OpenLockTest.java:20)

