-------------------------------------------------------------------------------
Test set: com.solo.leetcode.InOrderTraversalTest
-------------------------------------------------------------------------------
Tests run: 2, Failures: 0, Errors: 1, Skipped: 0, Time elapsed: 0 s <<< FAILURE! - in com.solo.leetcode.InOrderTraversalTest
happyTest1Iter  Time elapsed: 0 s  <<< ERROR!
java.lang.NullPointerException: Cannot read field "right" because "currentNode" is null
	at com.solo.leetcode.InOrderTraversalTest.happyTest1Iter(InOrderTraversalTest.java:32)

