-------------------------------------------------------------------------------
Test set: com.solo.projectfang.competetiveprogramming.EulerPhiTest
-------------------------------------------------------------------------------
Tests run: 1, Failures: 1, Errors: 0, Skipped: 0, Time elapsed: 0.004 s <<< FAILURE! - in com.solo.projectfang.competetiveprogramming.EulerPhiTest
testq  Time elapsed: 0.004 s  <<< FAILURE!
org.opentest4j.AssertionFailedError: expected: <4> but was: <1>
	at com.solo.projectfang.competetiveprogramming.EulerPhiTest.testq(EulerPhiTest.java:21)

