-------------------------------------------------------------------------------
Test set: com.solo.leetcode.MaximumDepthBinaryTreeTest
-------------------------------------------------------------------------------
Tests run: 3, Failures: 1, Errors: 0, Skipped: 0, Time elapsed: 0 s <<< FAILURE! - in com.solo.leetcode.MaximumDepthBinaryTreeTest
test1  Time elapsed: 0 s  <<< FAILURE!
org.opentest4j.AssertionFailedError: expected: <4> but was: <2>
	at com.solo.leetcode.MaximumDepthBinaryTreeTest.test1(MaximumDepthBinaryTreeTest.java:26)

