-------------------------------------------------------------------------------
Test set: com.solo.leetcode.greedyalgorithm.ReararngeStringKTest
-------------------------------------------------------------------------------
Tests run: 1, Failures: 1, Errors: 0, Skipped: 0, Time elapsed: 0 s <<< FAILURE! - in com.solo.leetcode.greedyalgorithm.ReararngeStringKTest
test1  Time elapsed: 0 s  <<< FAILURE!
org.opentest4j.AssertionFailedError: expected: <abcabc> but was: <null>
	at com.solo.leetcode.greedyalgorithm.ReararngeStringKTest.test1(ReararngeStringKTest.java:20)

