-------------------------------------------------------------------------------
Test set: com.solo.leetcode.backtracking.PermutationSequenceTest
-------------------------------------------------------------------------------
Tests run: 1, Failures: 1, Errors: 0, Skipped: 0, Time elapsed: 0 s <<< FAILURE! - in com.solo.leetcode.backtracking.PermutationSequenceTest
test1  Time elapsed: 0 s  <<< FAILURE!
org.opentest4j.AssertionFailedError: expected: <213> but was: <>
	at com.solo.leetcode.backtracking.PermutationSequenceTest.test1(PermutationSequenceTest.java:20)

