-------------------------------------------------------------------------------
Test set: com.solo.leetcode.bitmanipulation.SingleNumberThreeTest
-------------------------------------------------------------------------------
Tests run: 1, Failures: 1, Errors: 0, Skipped: 0, Time elapsed: 0 s <<< FAILURE! - in com.solo.leetcode.bitmanipulation.SingleNumberThreeTest
name  Time elapsed: 0 s  <<< FAILURE!
org.opentest4j.AssertionFailedError: expected: <[3, 5]> but was: <null>
	at com.solo.leetcode.bitmanipulation.SingleNumberThreeTest.name(SingleNumberThreeTest.java:18)

