-------------------------------------------------------------------------------
Test set: com.solo.algoexpert.easy.ProductSumTest
-------------------------------------------------------------------------------
Tests run: 1, Failures: 0, Errors: 1, Skipped: 0, Time elapsed: 0.001 s <<< FAILURE! - in com.solo.algoexpert.easy.ProductSumTest
sanityTest  Time elapsed: 0 s  <<< ERROR!
java.lang.ClassCastException: class java.util.Arrays$ArrayList cannot be cast to class java.lang.Integer (java.util.Arrays$ArrayList and java.lang.Integer are in module java.base of loader 'bootstrap')
	at com.solo.algoexpert.easy.ProductSumTest.sanityTest(ProductSumTest.java:27)

